<?xml version="1.0" encoding="UTF-8"?>
<coverage generated="1658979825642" clover="3.2.0">
  <project timestamp="1658979825642" name="All files">
    <metrics statements="16" coveredstatements="16" conditionals="4" coveredconditionals="4" methods="4" coveredmethods="4" elements="24" coveredelements="24" complexity="0" loc="16" ncloc="16" packages="1" files="1" classes="1"/>
    <file name="haiku.js" path="C:\Users\aglad\Desktop\HAIKU\src\haiku.js">
      <metrics statements="16" coveredstatements="16" conditionals="4" coveredconditionals="4" methods="4" coveredmethods="4"/>
      <line num="5" count="4" type="stmt"/>
      <line num="6" count="4" type="stmt"/>
      <line num="7" count="4" type="stmt"/>
      <line num="11" count="2" type="stmt"/>
      <line num="12" count="2" type="stmt"/>
      <line num="13" count="2" type="stmt"/>
      <line num="14" count="152" type="cond" truecount="2" falsecount="0"/>
      <line num="15" count="7" type="stmt"/>
      <line num="17" count="145" type="cond" truecount="2" falsecount="0"/>
      <line num="18" count="1" type="stmt"/>
      <line num="22" count="1" type="stmt"/>
      <line num="26" count="1" type="stmt"/>
      <line num="27" count="1" type="stmt"/>
      <line num="28" count="2" type="stmt"/>
      <line num="29" count="2" type="stmt"/>
      <line num="32" count="1" type="stmt"/>
    </file>
  </project>
</coverage>
