{"C:\\Users\\aglad\\Desktop\\HAIKU\\src\\haiku.js": {"path":"C:\\Users\\aglad\\Desktop\\HAIKU\\src\\haiku.js","statementMap":{"0":{"start":{"line":5,"column":4},"end":{"line":5,"column":21}},"1":{"start":{"line":6,"column":4},"end":{"line":6,"column":19}},"2":{"start":{"line":7,"column":4},"end":{"line":7,"column":23}},"3":{"start":{"line":11,"column":16},"end":{"line":11,"column":17}},"4":{"start":{"line":12,"column":19},"end":{"line":12,"column":33}},"5":{"start":{"line":13,"column":4},"end":{"line":21,"column":3}},"6":{"start":{"line":13,"column":17},"end":{"line":13,"column":18}},"7":{"start":{"line":14,"column":6},"end":{"line":20,"column":7}},"8":{"start":{"line":15,"column":8},"end":{"line":15,"column":19}},"9":{"start":{"line":17,"column":13},"end":{"line":20,"column":7}},"10":{"start":{"line":18,"column":8},"end":{"line":18,"column":42}},"11":{"start":{"line":22,"column":2},"end":{"line":22,"column":15}},"12":{"start":{"line":26,"column":19},"end":{"line":26,"column":34}},"13":{"start":{"line":27,"column":2},"end":{"line":31,"column":4}},"14":{"start":{"line":28,"column":21},"end":{"line":28,"column":39}},"15":{"start":{"line":29,"column":4},"end":{"line":29,"column":28}},"16":{"start":{"line":32,"column":2},"end":{"line":32,"column":18}}},"fnMap":{"0":{"name":"(anonymous_0)","decl":{"start":{"line":4,"column":2},"end":{"line":4,"column":3}},"loc":{"start":{"line":4,"column":20},"end":{"line":8,"column":3}},"line":4},"1":{"name":"(anonymous_1)","decl":{"start":{"line":10,"column":2},"end":{"line":10,"column":3}},"loc":{"start":{"line":10,"column":20},"end":{"line":23,"column":3}},"line":10},"2":{"name":"(anonymous_2)","decl":{"start":{"line":25,"column":2},"end":{"line":25,"column":3}},"loc":{"start":{"line":25,"column":23},"end":{"line":33,"column":3}},"line":25},"3":{"name":"(anonymous_3)","decl":{"start":{"line":27,"column":19},"end":{"line":27,"column":20}},"loc":{"start":{"line":27,"column":37},"end":{"line":31,"column":3}},"line":27}},"branchMap":{"0":{"loc":{"start":{"line":14,"column":6},"end":{"line":20,"column":7}},"type":"if","locations":[{"start":{"line":14,"column":6},"end":{"line":20,"column":7}},{"start":{"line":14,"column":6},"end":{"line":20,"column":7}}],"line":14},"1":{"loc":{"start":{"line":17,"column":13},"end":{"line":20,"column":7}},"type":"if","locations":[{"start":{"line":17,"column":13},"end":{"line":20,"column":7}},{"start":{"line":17,"column":13},"end":{"line":20,"column":7}}],"line":17}},"s":{"0":4,"1":4,"2":4,"3":2,"4":2,"5":2,"6":2,"7":152,"8":7,"9":145,"10":1,"11":1,"12":1,"13":1,"14":2,"15":2,"16":1},"f":{"0":4,"1":2,"2":1,"3":2},"b":{"0":[7,145],"1":[1,144]},"_coverageSchema":"43e27e138ebf9cfc5966b082cf9a028302ed4184","hash":"97d275143c5ea084ece9340fa800e6b176f86c49"}
}
